# JRE version: OpenJDK Runtime Environment (8.0_76-b03) (build 1.8.0_76-release-b03)
# Java VM: OpenJDK 64-Bit Server VM (25.76-b03 mixed mode windows-amd64 compressed oops)
Heap:
 PSYoungGen      total 440832K, used 435265K [0x00000000e0000000, 0x00000000fdc80000, 0x0000000100000000)
  eden space 412160K, 100% used [0x00000000e0000000,0x00000000f9280000,0x00000000f9280000)
  from space 28672K, 80% used [0x00000000fb080000,0x00000000fc710750,0x00000000fcc80000)
  to   space 30720K, 99% used [0x00000000f9280000,0x00000000fb07d2e8,0x00000000fb080000)
 ParOldGen       total 100352K, used 100346K [0x00000000a0000000, 0x00000000a6200000, 0x00000000e0000000)
  object space 100352K, 99% used [0x00000000a0000000,0x00000000a6200ac0,0x00000000a6280000)
 Metaspace       used 63129K, capacity 64874K, committed 65072K, reserved 1105920K
  class space    used 8062K, capacity 8417K, committed 8496K, reserved 1048576K
GC Heap History (10 events):
Event: 51.981 GC heap after
Heap after GC invocations=13 (full 3):
 PSYoungGen      total 247808K, used 4576K [0x00000000e0000000, 0x00000000f4f80000, 0x0000000100000000)
  eden space 243200K, 0% used [0x00000000e0000000,0x00000000e0000000,0x00000000eed80000)
  from space 4608K, 99% used [0x00000000efc00000,0x00000000f0078180,0x00000000f0080000)
  to   space 14848K, 0% used [0x00000000eed80000,0x00000000eed80000,0x00000000efc00000)
 ParOldGen       total 96768K, used 31835K [0x00000000a0000000, 0x00000000a5e80000, 0x00000000e0000000)
  object space 96768K, 32% used [0x00000000a0000000,0x00000000a1f16fc8,0x00000000a5e80000)
 Metaspace       used 50894K, capacity 52152K, committed 52400K, reserved 1095680K
  class space    used 6735K, capacity 7044K, committed 7088K, reserved 1048576K
}
Event: 60.950 GC heap before
{Heap before GC invocations=14 (full 3):
 PSYoungGen      total 247808K, used 247728K [0x00000000e0000000, 0x00000000f4f80000, 0x0000000100000000)
  eden space 243200K, 99% used [0x00000000e0000000,0x00000000eed73f10,0x00000000eed80000)
  from space 4608K, 99% used [0x00000000efc00000,0x00000000f0078180,0x00000000f0080000)
  to   space 14848K, 0% used [0x00000000eed80000,0x00000000eed80000,0x00000000efc00000)
 ParOldGen       total 96768K, used 31835K [0x00000000a0000000, 0x00000000a5e80000, 0x00000000e0000000)
  object space 96768K, 32% used [0x00000000a0000000,0x00000000a1f16fc8,0x00000000a5e80000)
 Metaspace       used 58372K, capacity 59944K, committed 60080K, reserved 1101824K
  class space    used 7661K, capacity 8030K, committed 8112K, reserved 1048576K
Event: 60.965 GC heap after
Heap after GC invocations=14 (full 3):
 PSYoungGen      total 258048K, used 7353K [0x00000000e0000000, 0x00000000f5500000, 0x0000000100000000)
  eden space 243200K, 0% used [0x00000000e0000000,0x00000000e0000000,0x00000000eed80000)
  from space 14848K, 49% used [0x00000000eed80000,0x00000000ef4ae648,0x00000000efc00000)
  to   space 14848K, 0% used [0x00000000f4680000,0x00000000f4680000,0x00000000f5500000)
 ParOldGen       total 96768K, used 35978K [0x00000000a0000000, 0x00000000a5e80000, 0x00000000e0000000)
  object space 96768K, 37% used [0x00000000a0000000,0x00000000a23228b8,0x00000000a5e80000)
 Metaspace       used 58372K, capacity 59944K, committed 60080K, reserved 1101824K
  class space    used 7661K, capacity 8030K, committed 8112K, reserved 1048576K
}
Event: 65.741 GC heap before
{Heap before GC invocations=15 (full 3):
 PSYoungGen      total 258048K, used 250553K [0x00000000e0000000, 0x00000000f5500000, 0x0000000100000000)
  eden space 243200K, 100% used [0x00000000e0000000,0x00000000eed80000,0x00000000eed80000)
  from space 14848K, 49% used [0x00000000eed80000,0x00000000ef4ae648,0x00000000efc00000)
  to   space 14848K, 0% used [0x00000000f4680000,0x00000000f4680000,0x00000000f5500000)
 ParOldGen       total 96768K, used 35978K [0x00000000a0000000, 0x00000000a5e80000, 0x00000000e0000000)
  object space 96768K, 37% used [0x00000000a0000000,0x00000000a23228b8,0x00000000a5e80000)
 Metaspace       used 62356K, capacity 64104K, committed 64304K, reserved 1105920K
  class space    used 8040K, capacity 8416K, committed 8496K, reserved 1048576K
Event: 65.794 GC heap after
Heap after GC invocations=15 (full 3):
 PSYoungGen      total 329728K, used 14845K [0x00000000e0000000, 0x00000000f5a00000, 0x0000000100000000)
  eden space 314880K, 0% used [0x00000000e0000000,0x00000000e0000000,0x00000000f3380000)
  from space 14848K, 99% used [0x00000000f4680000,0x00000000f54ff4c0,0x00000000f5500000)
  to   space 19456K, 0% used [0x00000000f3380000,0x00000000f3380000,0x00000000f4680000)
 ParOldGen       total 96768K, used 44243K [0x00000000a0000000, 0x00000000a5e80000, 0x00000000e0000000)
  object space 96768K, 45% used [0x00000000a0000000,0x00000000a2b34ff8,0x00000000a5e80000)
 Metaspace       used 62356K, capacity 64104K, committed 64304K, reserved 1105920K
  class space    used 8040K, capacity 8416K, committed 8496K, reserved 1048576K
}
Event: 69.109 GC heap before
{Heap before GC invocations=16 (full 3):
 PSYoungGen      total 329728K, used 329725K [0x00000000e0000000, 0x00000000f5a00000, 0x0000000100000000)
  eden space 314880K, 100% used [0x00000000e0000000,0x00000000f3380000,0x00000000f3380000)
  from space 14848K, 99% used [0x00000000f4680000,0x00000000f54ff4c0,0x00000000f5500000)
  to   space 19456K, 0% used [0x00000000f3380000,0x00000000f3380000,0x00000000f4680000)
 ParOldGen       total 96768K, used 44243K [0x00000000a0000000, 0x00000000a5e80000, 0x00000000e0000000)
  object space 96768K, 45% used [0x00000000a0000000,0x00000000a2b34ff8,0x00000000a5e80000)
 Metaspace       used 62986K, capacity 64682K, committed 65072K, reserved 1105920K
  class space    used 8061K, capacity 8417K, committed 8496K, reserved 1048576K
Event: 69.194 GC heap after
Heap after GC invocations=16 (full 3):
 PSYoungGen      total 334336K, used 19437K [0x00000000e0000000, 0x00000000fcc80000, 0x0000000100000000)
  eden space 314880K, 0% used [0x00000000e0000000,0x00000000e0000000,0x00000000f3380000)
  from space 19456K, 99% used [0x00000000f3380000,0x00000000f467b440,0x00000000f4680000)
  to   space 28672K, 0% used [0x00000000fb080000,0x00000000fb080000,0x00000000fcc80000)
 ParOldGen       total 96768K, used 62988K [0x00000000a0000000, 0x00000000a5e80000, 0x00000000e0000000)
  object space 96768K, 65% used [0x00000000a0000000,0x00000000a3d830c0,0x00000000a5e80000)
 Metaspace       used 62986K, capacity 64682K, committed 65072K, reserved 1105920K
  class space    used 8061K, capacity 8417K, committed 8496K, reserved 1048576K
}
Event: 71.679 GC heap before
{Heap before GC invocations=17 (full 3):
 PSYoungGen      total 334336K, used 334317K [0x00000000e0000000, 0x00000000fcc80000, 0x0000000100000000)
  eden space 314880K, 100% used [0x00000000e0000000,0x00000000f3380000,0x00000000f3380000)
  from space 19456K, 99% used [0x00000000f3380000,0x00000000f467b440,0x00000000f4680000)
  to   space 28672K, 0% used [0x00000000fb080000,0x00000000fb080000,0x00000000fcc80000)
 ParOldGen       total 96768K, used 62988K [0x00000000a0000000, 0x00000000a5e80000, 0x00000000e0000000)
  object space 96768K, 65% used [0x00000000a0000000,0x00000000a3d830c0,0x00000000a5e80000)
 Metaspace       used 63087K, capacity 64874K, committed 65072K, reserved 1105920K
  class space    used 8062K, capacity 8417K, committed 8496K, reserved 1048576K
Event: 71.783 GC heap after
Heap after GC invocations=17 (full 3):
 PSYoungGen      total 440832K, used 23105K [0x00000000e0000000, 0x00000000fdc80000, 0x0000000100000000)
  eden space 412160K, 0% used [0x00000000e0000000,0x00000000e0000000,0x00000000f9280000)
  from space 28672K, 80% used [0x00000000fb080000,0x00000000fc710750,0x00000000fcc80000)
  to   space 30720K, 0% used [0x00000000f9280000,0x00000000f9280000,0x00000000fb080000)
 ParOldGen       total 96768K, used 73271K [0x00000000a0000000, 0x00000000a5e80000, 0x00000000e0000000)
  object space 96768K, 75% used [0x00000000a0000000,0x00000000a478dd98,0x00000000a5e80000)
 Metaspace       used 63087K, capacity 64874K, committed 65072K, reserved 1105920K
  class space    used 8062K, capacity 8417K, committed 8496K, reserved 1048576K
}
Event: 74.057 GC heap before
{Heap before GC invocations=18 (full 3):
 PSYoungGen      total 440832K, used 435265K [0x00000000e0000000, 0x00000000fdc80000, 0x0000000100000000)
  eden space 412160K, 100% used [0x00000000e0000000,0x00000000f9280000,0x00000000f9280000)
  from space 28672K, 80% used [0x00000000fb080000,0x00000000fc710750,0x00000000fcc80000)
  to   space 30720K, 0% used [0x00000000f9280000,0x00000000f9280000,0x00000000fb080000)
 ParOldGen       total 96768K, used 73271K [0x00000000a0000000, 0x00000000a5e80000, 0x00000000e0000000)
  object space 96768K, 75% used [0x00000000a0000000,0x00000000a478dd98,0x00000000a5e80000)
 Metaspace       used 63129K, capacity 64874K, committed 65072K, reserved 1105920K
  class space    used 8062K, capacity 8417K, committed 8496K, reserved 1048576K

