# JRE version: OpenJDK Runtime Environment (8.0_76-b03) (build 1.8.0_76-release-b03)
# Java VM: OpenJDK 64-Bit Server VM (25.76-b03 mixed mode windows-amd64 compressed oops)
Heap:
 PSYoungGen      total 267776K, used 37914K [0x00000000e0000000, 0x00000000f4e00000, 0x0000000100000000)
  eden space 244736K, 11% used [0x00000000e0000000,0x00000000e1bce960,0x00000000eef00000)
  from space 23040K, 40% used [0x00000000f0500000,0x00000000f0e38000,0x00000000f1b80000)
  to   space 22528K, 0% used [0x00000000eef00000,0x00000000eef00000,0x00000000f0500000)
 ParOldGen       total 130560K, used 52198K [0x00000000a0000000, 0x00000000a7f80000, 0x00000000e0000000)
  object space 130560K, 39% used [0x00000000a0000000,0x00000000a32f9808,0x00000000a7f80000)
 Metaspace       used 66464K, capacity 68978K, committed 69160K, reserved 1110016K
  class space    used 8684K, capacity 9222K, committed 9264K, reserved 1048576K
GC Heap History (10 events):
Event: 27.745 GC heap before
{Heap before GC invocations=14 (full 3):
 PSYoungGen      total 219136K, used 194560K [0x00000000e0000000, 0x00000000eef80000, 0x0000000100000000)
  eden space 194560K, 100% used [0x00000000e0000000,0x00000000ebe00000,0x00000000ebe00000)
  from space 24576K, 0% used [0x00000000ed680000,0x00000000ed680000,0x00000000eee80000)
  to   space 25088K, 0% used [0x00000000ebe00000,0x00000000ebe00000,0x00000000ed680000)
 ParOldGen       total 130560K, used 44206K [0x00000000a0000000, 0x00000000a7f80000, 0x00000000e0000000)
  object space 130560K, 33% used [0x00000000a0000000,0x00000000a2b2b918,0x00000000a7f80000)
 Metaspace       used 58208K, capacity 60310K, committed 60456K, reserved 1101824K
  class space    used 7775K, capacity 8236K, committed 8240K, reserved 1048576K
Event: 27.769 GC heap after
Heap after GC invocations=14 (full 3):
 PSYoungGen      total 219648K, used 13858K [0x00000000e0000000, 0x00000000f2680000, 0x0000000100000000)
  eden space 194560K, 0% used [0x00000000e0000000,0x00000000e0000000,0x00000000ebe00000)
  from space 25088K, 55% used [0x00000000ebe00000,0x00000000ecb88880,0x00000000ed680000)
  to   space 24576K, 0% used [0x00000000f0e80000,0x00000000f0e80000,0x00000000f2680000)
 ParOldGen       total 130560K, used 44214K [0x00000000a0000000, 0x00000000a7f80000, 0x00000000e0000000)
  object space 130560K, 33% used [0x00000000a0000000,0x00000000a2b2d918,0x00000000a7f80000)
 Metaspace       used 58208K, capacity 60310K, committed 60456K, reserved 1101824K
  class space    used 7775K, capacity 8236K, committed 8240K, reserved 1048576K
}
Event: 523.303 GC heap before
{Heap before GC invocations=15 (full 3):
 PSYoungGen      total 219648K, used 208418K [0x00000000e0000000, 0x00000000f2680000, 0x0000000100000000)
  eden space 194560K, 100% used [0x00000000e0000000,0x00000000ebe00000,0x00000000ebe00000)
  from space 25088K, 55% used [0x00000000ebe00000,0x00000000ecb88880,0x00000000ed680000)
  to   space 24576K, 0% used [0x00000000f0e80000,0x00000000f0e80000,0x00000000f2680000)
 ParOldGen       total 130560K, used 44214K [0x00000000a0000000, 0x00000000a7f80000, 0x00000000e0000000)
  object space 130560K, 33% used [0x00000000a0000000,0x00000000a2b2d918,0x00000000a7f80000)
 Metaspace       used 59803K, capacity 62060K, committed 62248K, reserved 1103872K
  class space    used 7968K, capacity 8423K, committed 8496K, reserved 1048576K
Event: 523.315 GC heap after
Heap after GC invocations=15 (full 3):
 PSYoungGen      total 259584K, used 8305K [0x00000000e0000000, 0x00000000f1d80000, 0x0000000100000000)
  eden space 244224K, 0% used [0x00000000e0000000,0x00000000e0000000,0x00000000eee80000)
  from space 15360K, 54% used [0x00000000f0e80000,0x00000000f169c5e8,0x00000000f1d80000)
  to   space 24064K, 0% used [0x00000000eee80000,0x00000000eee80000,0x00000000f0600000)
 ParOldGen       total 130560K, used 44222K [0x00000000a0000000, 0x00000000a7f80000, 0x00000000e0000000)
  object space 130560K, 33% used [0x00000000a0000000,0x00000000a2b2f918,0x00000000a7f80000)
 Metaspace       used 59803K, capacity 62060K, committed 62248K, reserved 1103872K
  class space    used 7968K, capacity 8423K, committed 8496K, reserved 1048576K
}
Event: 526.059 GC heap before
{Heap before GC invocations=16 (full 3):
 PSYoungGen      total 259584K, used 127885K [0x00000000e0000000, 0x00000000f1d80000, 0x0000000100000000)
  eden space 244224K, 48% used [0x00000000e0000000,0x00000000e74c7080,0x00000000eee80000)
  from space 15360K, 54% used [0x00000000f0e80000,0x00000000f169c5e8,0x00000000f1d80000)
  to   space 24064K, 0% used [0x00000000eee80000,0x00000000eee80000,0x00000000f0600000)
 ParOldGen       total 130560K, used 44222K [0x00000000a0000000, 0x00000000a7f80000, 0x00000000e0000000)
  object space 130560K, 33% used [0x00000000a0000000,0x00000000a2b2f918,0x00000000a7f80000)
 Metaspace       used 65324K, capacity 67732K, committed 68008K, reserved 1107968K
  class space    used 8605K, capacity 9133K, committed 9136K, reserved 1048576K
Event: 526.079 GC heap after
Heap after GC invocations=16 (full 3):
 PSYoungGen      total 256512K, used 12010K [0x00000000e0000000, 0x00000000f1b80000, 0x0000000100000000)
  eden space 244224K, 0% used [0x00000000e0000000,0x00000000e0000000,0x00000000eee80000)
  from space 12288K, 97% used [0x00000000eee80000,0x00000000efa3abc0,0x00000000efa80000)
  to   space 23040K, 0% used [0x00000000f0500000,0x00000000f0500000,0x00000000f1b80000)
 ParOldGen       total 130560K, used 44238K [0x00000000a0000000, 0x00000000a7f80000, 0x00000000e0000000)
  object space 130560K, 33% used [0x00000000a0000000,0x00000000a2b33918,0x00000000a7f80000)
 Metaspace       used 65324K, capacity 67732K, committed 68008K, reserved 1107968K
  class space    used 8605K, capacity 9133K, committed 9136K, reserved 1048576K
}
Event: 526.079 GC heap before
{Heap before GC invocations=17 (full 4):
 PSYoungGen      total 256512K, used 12010K [0x00000000e0000000, 0x00000000f1b80000, 0x0000000100000000)
  eden space 244224K, 0% used [0x00000000e0000000,0x00000000e0000000,0x00000000eee80000)
  from space 12288K, 97% used [0x00000000eee80000,0x00000000efa3abc0,0x00000000efa80000)
  to   space 23040K, 0% used [0x00000000f0500000,0x00000000f0500000,0x00000000f1b80000)
 ParOldGen       total 130560K, used 44238K [0x00000000a0000000, 0x00000000a7f80000, 0x00000000e0000000)
  object space 130560K, 33% used [0x00000000a0000000,0x00000000a2b33918,0x00000000a7f80000)
 Metaspace       used 65324K, capacity 67732K, committed 68008K, reserved 1107968K
  class space    used 8605K, capacity 9133K, committed 9136K, reserved 1048576K
Event: 526.430 GC heap after
Heap after GC invocations=17 (full 4):
 PSYoungGen      total 256512K, used 0K [0x00000000e0000000, 0x00000000f1b80000, 0x0000000100000000)
  eden space 244224K, 0% used [0x00000000e0000000,0x00000000e0000000,0x00000000eee80000)
  from space 12288K, 0% used [0x00000000eee80000,0x00000000eee80000,0x00000000efa80000)
  to   space 23040K, 0% used [0x00000000f0500000,0x00000000f0500000,0x00000000f1b80000)
 ParOldGen       total 130560K, used 52190K [0x00000000a0000000, 0x00000000a7f80000, 0x00000000e0000000)
  object space 130560K, 39% used [0x00000000a0000000,0x00000000a32f7808,0x00000000a7f80000)
 Metaspace       used 65322K, capacity 67726K, committed 68008K, reserved 1107968K
  class space    used 8605K, capacity 9132K, committed 9136K, reserved 1048576K
}
Event: 557.102 GC heap before
{Heap before GC invocations=18 (full 4):
 PSYoungGen      total 256512K, used 244224K [0x00000000e0000000, 0x00000000f1b80000, 0x0000000100000000)
  eden space 244224K, 100% used [0x00000000e0000000,0x00000000eee80000,0x00000000eee80000)
  from space 12288K, 0% used [0x00000000eee80000,0x00000000eee80000,0x00000000efa80000)
  to   space 23040K, 0% used [0x00000000f0500000,0x00000000f0500000,0x00000000f1b80000)
 ParOldGen       total 130560K, used 52190K [0x00000000a0000000, 0x00000000a7f80000, 0x00000000e0000000)
  object space 130560K, 39% used [0x00000000a0000000,0x00000000a32f7808,0x00000000a7f80000)
 Metaspace       used 66464K, capacity 68978K, committed 69160K, reserved 1110016K
  class space    used 8684K, capacity 9222K, committed 9264K, reserved 1048576K
Event: 557.121 GC heap after
Heap after GC invocations=18 (full 4):
 PSYoungGen      total 267776K, used 9440K [0x00000000e0000000, 0x00000000f4e00000, 0x0000000100000000)
  eden space 244736K, 0% used [0x00000000e0000000,0x00000000e0000000,0x00000000eef00000)
  from space 23040K, 40% used [0x00000000f0500000,0x00000000f0e38000,0x00000000f1b80000)
  to   space 22528K, 0% used [0x00000000eef00000,0x00000000eef00000,0x00000000f0500000)
 ParOldGen       total 130560K, used 52198K [0x00000000a0000000, 0x00000000a7f80000, 0x00000000e0000000)
  object space 130560K, 39% used [0x00000000a0000000,0x00000000a32f9808,0x00000000a7f80000)
 Metaspace       used 66464K, capacity 68978K, committed 69160K, reserved 1110016K
  class space    used 8684K, capacity 9222K, committed 9264K, reserved 1048576K
}

